ValidationError: The 'X-Forwarded-For' header is set but the Express 'trust proxy' setting is false (default). This could indicate a misconfiguration which would prevent express-rate-limit from accurately identifying users. See https://express-rate-limit.github.io/ERR_ERL_UNEXPECTED_X_FORWARDED_FOR/ for more information.
    at Object.xForwardedForHeader (/home/sunsyswe/nodevenv/a1.sunsysweb.co.in/20/lib/node_modules/express-rate-limit/dist/index.cjs:185:13)
    at wrappedValidations.<computed> [as xForwardedForHeader] (/home/sunsyswe/nodevenv/a1.sunsysweb.co.in/20/lib/node_modules/express-rate-limit/dist/index.cjs:397:22)
    at Object.keyGenerator (/home/sunsyswe/nodevenv/a1.sunsysweb.co.in/20/lib/node_modules/express-rate-limit/dist/index.cjs:658:20)
    at /home/sunsyswe/nodevenv/a1.sunsysweb.co.in/20/lib/node_modules/express-rate-limit/dist/index.cjs:710:32
    at process.processTicksAndRejections (node:internal/process/task_queues:95:5)
    at async /home/sunsyswe/nodevenv/a1.sunsysweb.co.in/20/lib/node_modules/express-rate-limit/dist/index.cjs:691:5 {
  code: 'ERR_ERL_UNEXPECTED_X_FORWARDED_FOR',
  help: 'https://express-rate-limit.github.io/ERR_ERL_UNEXPECTED_X_FORWARDED_FOR/'
}
ValidationError: The 'X-Forwarded-For' header is set but the Express 'trust proxy' setting is false (default). This could indicate a misconfiguration which would prevent express-rate-limit from accurately identifying users. See https://express-rate-limit.github.io/ERR_ERL_UNEXPECTED_X_FORWARDED_FOR/ for more information.
    at Object.xForwardedForHeader (/home/sunsyswe/nodevenv/a1.sunsysweb.co.in/20/lib/node_modules/express-rate-limit/dist/index.cjs:185:13)
    at wrappedValidations.<computed> [as xForwardedForHeader] (/home/sunsyswe/nodevenv/a1.sunsysweb.co.in/20/lib/node_modules/express-rate-limit/dist/index.cjs:397:22)
    at Object.keyGenerator (/home/sunsyswe/nodevenv/a1.sunsysweb.co.in/20/lib/node_modules/express-rate-limit/dist/index.cjs:658:20)
    at /home/sunsyswe/nodevenv/a1.sunsysweb.co.in/20/lib/node_modules/express-rate-limit/dist/index.cjs:710:32
    at process.processTicksAndRejections (node:internal/process/task_queues:95:5)
    at async /home/sunsyswe/nodevenv/a1.sunsysweb.co.in/20/lib/node_modules/express-rate-limit/dist/index.cjs:691:5 {
  code: 'ERR_ERL_UNEXPECTED_X_FORWARDED_FOR',
  help: 'https://express-rate-limit.github.io/ERR_ERL_UNEXPECTED_X_FORWARDED_FOR/'
}
ValidationError: The 'X-Forwarded-For' header is set but the Express 'trust proxy' setting is false (default). This could indicate a misconfiguration which would prevent express-rate-limit from accurately identifying users. See https://express-rate-limit.github.io/ERR_ERL_UNEXPECTED_X_FORWARDED_FOR/ for more information.
    at Object.xForwardedForHeader (/home/sunsyswe/nodevenv/a1.sunsysweb.co.in/20/lib/node_modules/express-rate-limit/dist/index.cjs:185:13)
    at wrappedValidations.<computed> [as xForwardedForHeader] (/home/sunsyswe/nodevenv/a1.sunsysweb.co.in/20/lib/node_modules/express-rate-limit/dist/index.cjs:397:22)
    at Object.keyGenerator (/home/sunsyswe/nodevenv/a1.sunsysweb.co.in/20/lib/node_modules/express-rate-limit/dist/index.cjs:658:20)
    at /home/sunsyswe/nodevenv/a1.sunsysweb.co.in/20/lib/node_modules/express-rate-limit/dist/index.cjs:710:32
    at process.processTicksAndRejections (node:internal/process/task_queues:95:5)
    at async /home/sunsyswe/nodevenv/a1.sunsysweb.co.in/20/lib/node_modules/express-rate-limit/dist/index.cjs:691:5 {
  code: 'ERR_ERL_UNEXPECTED_X_FORWARDED_FOR',
  help: 'https://express-rate-limit.github.io/ERR_ERL_UNEXPECTED_X_FORWARDED_FOR/'
}
ValidationError: The 'X-Forwarded-For' header is set but the Express 'trust proxy' setting is false (default). This could indicate a misconfiguration which would prevent express-rate-limit from accurately identifying users. See https://express-rate-limit.github.io/ERR_ERL_UNEXPECTED_X_FORWARDED_FOR/ for more information.
    at Object.xForwardedForHeader (/home/sunsyswe/nodevenv/a1.sunsysweb.co.in/20/lib/node_modules/express-rate-limit/dist/index.cjs:185:13)
    at wrappedValidations.<computed> [as xForwardedForHeader] (/home/sunsyswe/nodevenv/a1.sunsysweb.co.in/20/lib/node_modules/express-rate-limit/dist/index.cjs:397:22)
    at Object.keyGenerator (/home/sunsyswe/nodevenv/a1.sunsysweb.co.in/20/lib/node_modules/express-rate-limit/dist/index.cjs:658:20)
    at /home/sunsyswe/nodevenv/a1.sunsysweb.co.in/20/lib/node_modules/express-rate-limit/dist/index.cjs:710:32
    at process.processTicksAndRejections (node:internal/process/task_queues:95:5)
    at async /home/sunsyswe/nodevenv/a1.sunsysweb.co.in/20/lib/node_modules/express-rate-limit/dist/index.cjs:691:5 {
  code: 'ERR_ERL_UNEXPECTED_X_FORWARDED_FOR',
  help: 'https://express-rate-limit.github.io/ERR_ERL_UNEXPECTED_X_FORWARDED_FOR/'
}
